<?xml version="1.0" encoding="UTF-8"?>
<!-- Generated by org.testng.reporters.JUnitReportReporter -->
<testsuite hostname="MSI" failures="0" tests="1" name="Testing.Practice" time="0.017" errors="0" timestamp="2022-11-08T11:05:41 IST" skipped="0">
  <testcase classname="Testing.Practice" name="foo" time="0.017"/>
  <system-out/>
</testsuite> <!-- Testing.Practice -->
